<?xml version="1.0" encoding="UTF-8"?>
<!-- Generated by org.testng.reporters.JUnitReportReporter -->
<testsuite hostname="Sakshi" failures="0" tests="1" name="testdemo1.GoodReadersSimpleTest" time="14.036" errors="0" timestamp="2025-08-14T08:47:34 IST" skipped="0">
  <testcase classname="testdemo1.GoodReadersSimpleTest" name="signupAndLogin" time="14.036"/>
</testsuite> <!-- testdemo1.GoodReadersSimpleTest -->
