<?xml version="1.0" encoding="UTF-8"?>
<!-- Generated by org.testng.reporters.JUnitReportReporter -->
<testsuite hostname="Sakshi" failures="0" tests="2" name="testdemo1.Annotations" time="4.999" errors="0" timestamp="2025-08-14T10:37:49 IST" skipped="0">
  <testcase classname="testdemo1.Annotations" name="verifypage" time="1.579"/>
  <testcase classname="testdemo1.Annotations" name="LoginTest" time="3.420"/>
</testsuite> <!-- testdemo1.Annotations -->
