<?xml version="1.0" encoding="UTF-8"?>
<!-- Generated by org.testng.reporters.JUnitReportReporter -->
<testsuite hostname="Sakshi" failures="0" tests="2" name="testdemo1.Annotations" time="5.209" errors="0" timestamp="2025-08-13T11:08:36 IST" skipped="0">
  <testcase classname="testdemo1.Annotations" name="verifypage" time="2.293"/>
  <testcase classname="testdemo1.Annotations" name="LoginTest" time="2.916"/>
</testsuite> <!-- testdemo1.Annotations -->
