<?xml version="1.0" encoding="UTF-8"?>
<!-- Generated by org.testng.reporters.JUnitReportReporter -->
<testsuite hostname="Sakshi" failures="0" tests="1" name="testdemo1.Testngdemo1" time="0.011" errors="0" timestamp="2025-08-12T10:39:23 IST" skipped="0">
  <testcase classname="testdemo1.Testngdemo1" name="add" time="0.011"/>
</testsuite> <!-- testdemo1.Testngdemo1 -->
